2023-11-07T11:43:50.232+0100 ERROR c.r.u.MenuController [main] Wrong number.
java.lang.NumberFormatException: For input string: "sfsd"
	at java.lang.NumberFormatException.forInputString(NumberFormatException.java:67) ~[?:?]
	at java.lang.Integer.parseInt(Integer.java:665) ~[?:?]
	at java.lang.Integer.valueOf(Integer.java:992) ~[?:?]
	at com.ruslan.ui.MenuController.run(MenuController.java:37) [classes/:?]
	at TestBookService.main(TestBookService.java:14) [classes/:?]
2023-11-07T11:43:52.746+0100 ERROR c.r.u.MenuController [main] Wrong number.
java.lang.NumberFormatException: For input string: "werwe"
	at java.lang.NumberFormatException.forInputString(NumberFormatException.java:67) ~[?:?]
	at java.lang.Integer.parseInt(Integer.java:665) ~[?:?]
	at java.lang.Integer.valueOf(Integer.java:992) ~[?:?]
	at com.ruslan.ui.MenuController.run(MenuController.java:37) [classes/:?]
	at TestBookService.main(TestBookService.java:14) [classes/:?]
2023-11-07T11:43:56.063+0100 ERROR c.r.u.MenuController [main] Wrong number.
java.lang.NumberFormatException: For input string: "dfds"
	at java.lang.NumberFormatException.forInputString(NumberFormatException.java:67) ~[?:?]
	at java.lang.Integer.parseInt(Integer.java:665) ~[?:?]
	at java.lang.Integer.valueOf(Integer.java:992) ~[?:?]
	at com.ruslan.ui.MenuController.run(MenuController.java:37) [classes/:?]
	at TestBookService.main(TestBookService.java:14) [classes/:?]
2023-11-18T07:19:24.545+0100 ERROR c.r.D.ObjectFactory [main] java.lang.NoSuchMethodException: com.ruslan.database.DAO.BookRepository.<init>()
2023-11-18T23:24:15.809+0100 ERROR c.r.D.ObjectFactory [main] java.lang.NoSuchMethodException: com.ruslan.database.DAO.BookRepository.<init>()
2023-11-18T23:25:48.806+0100 ERROR c.r.D.ObjectFactory [main] java.lang.NoSuchMethodException: com.ruslan.database.DAO.RepositoryBase.<init>()
2023-11-19T09:39:57.675+0100 ERROR c.r.D.ObjectFactory [main] java.lang.NoSuchMethodException: com.ruslan.services.BookService.<init>()
2023-11-19T09:41:55.979+0100 ERROR c.r.D.ObjectFactory [main] java.lang.NoSuchMethodException: com.ruslan.database.DAO.BookRepository.<init>()
2023-11-19T09:48:13.988+0100 ERROR c.r.D.ObjectFactory [main] java.lang.NoSuchMethodException: com.ruslan.database.DAO.BookRepository.<init>()
2023-11-19T09:49:26.491+0100 ERROR c.r.D.ObjectFactory [main] java.lang.NoSuchMethodException: com.ruslan.services.BookService.<init>()
2023-11-19T10:09:08.221+0100 ERROR c.r.D.ObjectFactory [main] java.lang.NoSuchMethodException: com.ruslan.database.DAO.BookRepository.<init>()
2023-11-19T13:43:19.404+0100 ERROR c.r.D.ObjectFactory [main] java.lang.NoSuchMethodException: com.ruslan.database.DAO.BookRepository.<init>()
2023-11-21T10:09:31.468+0100 ERROR c.r.D.ObjectFactory [main] java.lang.IllegalAccessException: class com.ruslan.DI.ObjectFactory cannot access a member of class com.ruslan.database.hibernate.HibernateSessionFactoryUtil with modifiers "private"
